
**** Build of configuration FlashOnly_ST for project bim_extflash ****

"C:\\ti\\ccsv6\\utils\\bin\\gmake" -k -j 8 all -O 
'Building file: C:/ti/simplelink/ble_sdk_2_02_00_31/src/examples/util/bim_extflash/cc2640/baseloaderentry_ti.s'
'Invoking: ARM Compiler'
"C:/ti/ccsv6/tools/compiler/ti-cgt-arm_16.6.0.STS/bin/armcl" -mv7M3 --code_state=16 -me --include_path="C:/ti/ccsv6/tools/compiler/ti-cgt-arm_16.6.0.STS/include" --include_path="C:/ti/simplelink/ble_sdk_2_02_00_31/src/examples/util/bim_extflash/cc2640/board" --include_path="C:/ti/simplelink/ble_sdk_2_02_00_31/src/examples/util/bim_extflash/cc2640/board/cc2650stk" --include_path="C:/ti/simplelink/ble_sdk_2_02_00_31/src/common/cc26xx" --include_path="C:/ti/simplelink/ble_sdk_2_02_00_31/src/profiles/oad/cc26xx" --include_path="C:/ti/simplelink/ble_sdk_2_02_00_31/src/components/hal/src/target/_common" --include_path="C:/ti/simplelink/ble_sdk_2_02_00_31/src/components/hal/src/target" --include_path="C:/ti/simplelink/ble_sdk_2_02_00_31/src/components/hal/src/target/_common/cc26xx" --include_path="C:/ti/simplelink/ble_sdk_2_02_00_31/src/components/hal/src/inc" --include_path="C:/ti/tirtos_cc13xx_cc26xx_2_18_00_03/products/cc26xxware_2_23_03_17162" --include_path="C:/ti/tirtos_cc13xx_cc26xx_2_18_00_03/products/cc26xxware_2_23_03_17162/driverlib" --include_path="C:/ti/tirtos_cc13xx_cc26xx_2_18_00_03/products/cc26xxware_2_23_03_17162/inc" --define=CC2650ST_0120 --define=BOOT_LOADER --define=xNO_COPY --define=ccs --define=DEBUG -g --c99 --diag_warning=225 --diag_wrap=off --display_error_number --gen_func_subsections=on --abi=eabi --preproc_with_compile --preproc_dependency="Application/baseloaderentry_ti.d" --obj_directory="Application"  "C:/ti/simplelink/ble_sdk_2_02_00_31/src/examples/util/bim_extflash/cc2640/baseloaderentry_ti.s"
'Finished building: C:/ti/simplelink/ble_sdk_2_02_00_31/src/examples/util/bim_extflash/cc2640/baseloaderentry_ti.s'
' '
'Building file: C:/ti/simplelink/ble_sdk_2_02_00_31/src/examples/util/bim_extflash/cc2640/ccfg_app_ble.c'
'Invoking: ARM Compiler'
"C:/ti/ccsv6/tools/compiler/ti-cgt-arm_16.6.0.STS/bin/armcl" -mv7M3 --code_state=16 -me --include_path="C:/ti/ccsv6/tools/compiler/ti-cgt-arm_16.6.0.STS/include" --include_path="C:/ti/simplelink/ble_sdk_2_02_00_31/src/examples/util/bim_extflash/cc2640/board" --include_path="C:/ti/simplelink/ble_sdk_2_02_00_31/src/examples/util/bim_extflash/cc2640/board/cc2650stk" --include_path="C:/ti/simplelink/ble_sdk_2_02_00_31/src/common/cc26xx" --include_path="C:/ti/simplelink/ble_sdk_2_02_00_31/src/profiles/oad/cc26xx" --include_path="C:/ti/simplelink/ble_sdk_2_02_00_31/src/components/hal/src/target/_common" --include_path="C:/ti/simplelink/ble_sdk_2_02_00_31/src/components/hal/src/target" --include_path="C:/ti/simplelink/ble_sdk_2_02_00_31/src/components/hal/src/target/_common/cc26xx" --include_path="C:/ti/simplelink/ble_sdk_2_02_00_31/src/components/hal/src/inc" --include_path="C:/ti/tirtos_cc13xx_cc26xx_2_18_00_03/products/cc26xxware_2_23_03_17162" --include_path="C:/ti/tirtos_cc13xx_cc26xx_2_18_00_03/products/cc26xxware_2_23_03_17162/driverlib" --include_path="C:/ti/tirtos_cc13xx_cc26xx_2_18_00_03/products/cc26xxware_2_23_03_17162/inc" --define=CC2650ST_0120 --define=BOOT_LOADER --define=xNO_COPY --define=ccs --define=DEBUG -g --c99 --diag_warning=225 --diag_wrap=off --display_error_number --gen_func_subsections=on --abi=eabi --preproc_with_compile --preproc_dependency="Application/ccfg_app_ble.d" --obj_directory="Application"  "C:/ti/simplelink/ble_sdk_2_02_00_31/src/examples/util/bim_extflash/cc2640/ccfg_app_ble.c"
'Finished building: C:/ti/simplelink/ble_sdk_2_02_00_31/src/examples/util/bim_extflash/cc2640/ccfg_app_ble.c'
' '
'Building file: C:/ti/tirtos_cc13xx_cc26xx_2_18_00_03/products/cc26xxware_2_23_03_17162/startup_files/startup_ccs.c'
'Invoking: ARM Compiler'
"C:/ti/ccsv6/tools/compiler/ti-cgt-arm_16.6.0.STS/bin/armcl" -mv7M3 --code_state=16 -me --include_path="C:/ti/ccsv6/tools/compiler/ti-cgt-arm_16.6.0.STS/include" --include_path="C:/ti/simplelink/ble_sdk_2_02_00_31/src/examples/util/bim_extflash/cc2640/board" --include_path="C:/ti/simplelink/ble_sdk_2_02_00_31/src/examples/util/bim_extflash/cc2640/board/cc2650stk" --include_path="C:/ti/simplelink/ble_sdk_2_02_00_31/src/common/cc26xx" --include_path="C:/ti/simplelink/ble_sdk_2_02_00_31/src/profiles/oad/cc26xx" --include_path="C:/ti/simplelink/ble_sdk_2_02_00_31/src/components/hal/src/target/_common" --include_path="C:/ti/simplelink/ble_sdk_2_02_00_31/src/components/hal/src/target" --include_path="C:/ti/simplelink/ble_sdk_2_02_00_31/src/components/hal/src/target/_common/cc26xx" --include_path="C:/ti/simplelink/ble_sdk_2_02_00_31/src/components/hal/src/inc" --include_path="C:/ti/tirtos_cc13xx_cc26xx_2_18_00_03/products/cc26xxware_2_23_03_17162" --include_path="C:/ti/tirtos_cc13xx_cc26xx_2_18_00_03/products/cc26xxware_2_23_03_17162/driverlib" --include_path="C:/ti/tirtos_cc13xx_cc26xx_2_18_00_03/products/cc26xxware_2_23_03_17162/inc" --define=CC2650ST_0120 --define=BOOT_LOADER --define=xNO_COPY --define=ccs --define=DEBUG -g --c99 --diag_warning=225 --diag_wrap=off --display_error_number --gen_func_subsections=on --abi=eabi --preproc_with_compile --preproc_dependency="Application/startup_ccs.d" --obj_directory="Application"  "C:/ti/tirtos_cc13xx_cc26xx_2_18_00_03/products/cc26xxware_2_23_03_17162/startup_files/startup_ccs.c"
'Finished building: C:/ti/tirtos_cc13xx_cc26xx_2_18_00_03/products/cc26xxware_2_23_03_17162/startup_files/startup_ccs.c'
' '
'Building file: C:/ti/simplelink/ble_sdk_2_02_00_31/src/examples/util/bim_extflash/cc2640/bls_bsp.c'
'Invoking: ARM Compiler'
"C:/ti/ccsv6/tools/compiler/ti-cgt-arm_16.6.0.STS/bin/armcl" -mv7M3 --code_state=16 -me --include_path="C:/ti/ccsv6/tools/compiler/ti-cgt-arm_16.6.0.STS/include" --include_path="C:/ti/simplelink/ble_sdk_2_02_00_31/src/examples/util/bim_extflash/cc2640/board" --include_path="C:/ti/simplelink/ble_sdk_2_02_00_31/src/examples/util/bim_extflash/cc2640/board/cc2650stk" --include_path="C:/ti/simplelink/ble_sdk_2_02_00_31/src/common/cc26xx" --include_path="C:/ti/simplelink/ble_sdk_2_02_00_31/src/profiles/oad/cc26xx" --include_path="C:/ti/simplelink/ble_sdk_2_02_00_31/src/components/hal/src/target/_common" --include_path="C:/ti/simplelink/ble_sdk_2_02_00_31/src/components/hal/src/target" --include_path="C:/ti/simplelink/ble_sdk_2_02_00_31/src/components/hal/src/target/_common/cc26xx" --include_path="C:/ti/simplelink/ble_sdk_2_02_00_31/src/components/hal/src/inc" --include_path="C:/ti/tirtos_cc13xx_cc26xx_2_18_00_03/products/cc26xxware_2_23_03_17162" --include_path="C:/ti/tirtos_cc13xx_cc26xx_2_18_00_03/products/cc26xxware_2_23_03_17162/driverlib" --include_path="C:/ti/tirtos_cc13xx_cc26xx_2_18_00_03/products/cc26xxware_2_23_03_17162/inc" --define=CC2650ST_0120 --define=BOOT_LOADER --define=xNO_COPY --define=ccs --define=DEBUG -g --c99 --diag_warning=225 --diag_wrap=off --display_error_number --gen_func_subsections=on --abi=eabi --preproc_with_compile --preproc_dependency="Application/bls_bsp.d" --obj_directory="Application"  "C:/ti/simplelink/ble_sdk_2_02_00_31/src/examples/util/bim_extflash/cc2640/bls_bsp.c"
'Finished building: C:/ti/simplelink/ble_sdk_2_02_00_31/src/examples/util/bim_extflash/cc2640/bls_bsp.c'
' '
'Building file: C:/ti/simplelink/ble_sdk_2_02_00_31/src/examples/util/bim_extflash/cc2640/board/bsp_spi.c'
'Invoking: ARM Compiler'
"C:/ti/ccsv6/tools/compiler/ti-cgt-arm_16.6.0.STS/bin/armcl" -mv7M3 --code_state=16 -me --include_path="C:/ti/ccsv6/tools/compiler/ti-cgt-arm_16.6.0.STS/include" --include_path="C:/ti/simplelink/ble_sdk_2_02_00_31/src/examples/util/bim_extflash/cc2640/board" --include_path="C:/ti/simplelink/ble_sdk_2_02_00_31/src/examples/util/bim_extflash/cc2640/board/cc2650stk" --include_path="C:/ti/simplelink/ble_sdk_2_02_00_31/src/common/cc26xx" --include_path="C:/ti/simplelink/ble_sdk_2_02_00_31/src/profiles/oad/cc26xx" --include_path="C:/ti/simplelink/ble_sdk_2_02_00_31/src/components/hal/src/target/_common" --include_path="C:/ti/simplelink/ble_sdk_2_02_00_31/src/components/hal/src/target" --include_path="C:/ti/simplelink/ble_sdk_2_02_00_31/src/components/hal/src/target/_common/cc26xx" --include_path="C:/ti/simplelink/ble_sdk_2_02_00_31/src/components/hal/src/inc" --include_path="C:/ti/tirtos_cc13xx_cc26xx_2_18_00_03/products/cc26xxware_2_23_03_17162" --include_path="C:/ti/tirtos_cc13xx_cc26xx_2_18_00_03/products/cc26xxware_2_23_03_17162/driverlib" --include_path="C:/ti/tirtos_cc13xx_cc26xx_2_18_00_03/products/cc26xxware_2_23_03_17162/inc" --define=CC2650ST_0120 --define=BOOT_LOADER --define=xNO_COPY --define=ccs --define=DEBUG -g --c99 --diag_warning=225 --diag_wrap=off --display_error_number --gen_func_subsections=on --abi=eabi --preproc_with_compile --preproc_dependency="SPI/bsp_SPI.d" --obj_directory="SPI"  "C:/ti/simplelink/ble_sdk_2_02_00_31/src/examples/util/bim_extflash/cc2640/board/bsp_spi.c"
'Finished building: C:/ti/simplelink/ble_sdk_2_02_00_31/src/examples/util/bim_extflash/cc2640/board/bsp_spi.c'
' '
'Building file: C:/ti/simplelink/ble_sdk_2_02_00_31/src/examples/util/bim_extflash/cc2640/bim_main.c'
'Invoking: ARM Compiler'
"C:/ti/ccsv6/tools/compiler/ti-cgt-arm_16.6.0.STS/bin/armcl" -mv7M3 --code_state=16 -me --include_path="C:/ti/ccsv6/tools/compiler/ti-cgt-arm_16.6.0.STS/include" --include_path="C:/ti/simplelink/ble_sdk_2_02_00_31/src/examples/util/bim_extflash/cc2640/board" --include_path="C:/ti/simplelink/ble_sdk_2_02_00_31/src/examples/util/bim_extflash/cc2640/board/cc2650stk" --include_path="C:/ti/simplelink/ble_sdk_2_02_00_31/src/common/cc26xx" --include_path="C:/ti/simplelink/ble_sdk_2_02_00_31/src/profiles/oad/cc26xx" --include_path="C:/ti/simplelink/ble_sdk_2_02_00_31/src/components/hal/src/target/_common" --include_path="C:/ti/simplelink/ble_sdk_2_02_00_31/src/components/hal/src/target" --include_path="C:/ti/simplelink/ble_sdk_2_02_00_31/src/components/hal/src/target/_common/cc26xx" --include_path="C:/ti/simplelink/ble_sdk_2_02_00_31/src/components/hal/src/inc" --include_path="C:/ti/tirtos_cc13xx_cc26xx_2_18_00_03/products/cc26xxware_2_23_03_17162" --include_path="C:/ti/tirtos_cc13xx_cc26xx_2_18_00_03/products/cc26xxware_2_23_03_17162/driverlib" --include_path="C:/ti/tirtos_cc13xx_cc26xx_2_18_00_03/products/cc26xxware_2_23_03_17162/inc" --define=CC2650ST_0120 --define=BOOT_LOADER --define=xNO_COPY --define=ccs --define=DEBUG -g --c99 --diag_warning=225 --diag_wrap=off --display_error_number --gen_func_subsections=on --abi=eabi --preproc_with_compile --preproc_dependency="Application/bim_main.d" --obj_directory="Application"  "C:/ti/simplelink/ble_sdk_2_02_00_31/src/examples/util/bim_extflash/cc2640/bim_main.c"
'Finished building: C:/ti/simplelink/ble_sdk_2_02_00_31/src/examples/util/bim_extflash/cc2640/bim_main.c'
' '
'Building file: C:/ti/simplelink/ble_sdk_2_02_00_31/src/examples/util/bim_extflash/cc2640/board/ext_flash.c'
'Invoking: ARM Compiler'
"C:/ti/ccsv6/tools/compiler/ti-cgt-arm_16.6.0.STS/bin/armcl" -mv7M3 --code_state=16 -me --include_path="C:/ti/ccsv6/tools/compiler/ti-cgt-arm_16.6.0.STS/include" --include_path="C:/ti/simplelink/ble_sdk_2_02_00_31/src/examples/util/bim_extflash/cc2640/board" --include_path="C:/ti/simplelink/ble_sdk_2_02_00_31/src/examples/util/bim_extflash/cc2640/board/cc2650stk" --include_path="C:/ti/simplelink/ble_sdk_2_02_00_31/src/common/cc26xx" --include_path="C:/ti/simplelink/ble_sdk_2_02_00_31/src/profiles/oad/cc26xx" --include_path="C:/ti/simplelink/ble_sdk_2_02_00_31/src/components/hal/src/target/_common" --include_path="C:/ti/simplelink/ble_sdk_2_02_00_31/src/components/hal/src/target" --include_path="C:/ti/simplelink/ble_sdk_2_02_00_31/src/components/hal/src/target/_common/cc26xx" --include_path="C:/ti/simplelink/ble_sdk_2_02_00_31/src/components/hal/src/inc" --include_path="C:/ti/tirtos_cc13xx_cc26xx_2_18_00_03/products/cc26xxware_2_23_03_17162" --include_path="C:/ti/tirtos_cc13xx_cc26xx_2_18_00_03/products/cc26xxware_2_23_03_17162/driverlib" --include_path="C:/ti/tirtos_cc13xx_cc26xx_2_18_00_03/products/cc26xxware_2_23_03_17162/inc" --define=CC2650ST_0120 --define=BOOT_LOADER --define=xNO_COPY --define=ccs --define=DEBUG -g --c99 --diag_warning=225 --diag_wrap=off --display_error_number --gen_func_subsections=on --abi=eabi --preproc_with_compile --preproc_dependency="ExternalFlash/ext_flash.d" --obj_directory="ExternalFlash"  "C:/ti/simplelink/ble_sdk_2_02_00_31/src/examples/util/bim_extflash/cc2640/board/ext_flash.c"
'Finished building: C:/ti/simplelink/ble_sdk_2_02_00_31/src/examples/util/bim_extflash/cc2640/board/ext_flash.c'
' '
'Building target: bim_extflash.out'
'Invoking: ARM Linker'
"C:/ti/ccsv6/tools/compiler/ti-cgt-arm_16.6.0.STS/bin/armcl" -mv7M3 --code_state=16 -me --define=CC2650ST_0120 --define=BOOT_LOADER --define=xNO_COPY --define=ccs --define=DEBUG -g --c99 --diag_warning=225 --diag_wrap=off --display_error_number --gen_func_subsections=on --abi=eabi -z -m"bim_extflash.map" --heap_size=0 --stack_size=256 -i"C:/ti/ccsv6/tools/compiler/ti-cgt-arm_16.6.0.STS/lib" -i"C:/ti/tirtos_cc13xx_cc26xx_2_18_00_03/products/cc26xxware_2_23_03_17162/driverlib/bin/ccs/" -i"C:/ti/ccsv6/tools/compiler/ti-cgt-arm_16.6.0.STS/include" --reread_libs --define=KEEP_INTVECS=1 --diag_wrap=off --display_error_number --warn_sections --xml_link_info="bim_extflash_linkInfo.xml" --retain=BaseLoader_start --retain=LoadEntry --rom_model -o "bim_extflash.out" "./Application/baseloaderentry_ti.obj" "./Application/bim_main.obj" "./Application/bls_bsp.obj" "./Application/ccfg_app_ble.obj" "./Application/startup_ccs.obj" "./ExternalFlash/ext_flash.obj" "./SPI/bsp_spi.obj" "C:/ti/simplelink/ble_sdk_2_02_00_31/src/common/cc26xx/ccs/cc26xx_bim_ext_flash.cmd"  -llibc.a -ldriverlib.lib 
<Linking>
'Finished building target: bim_extflash.out'
' '
"C:/ti/ccsv6/tools/compiler/ti-cgt-arm_16.6.0.STS/bin/armhex"  -order MS --memwidth=8 --romwidth=8 --intel -o "bim_extflash.hex" "bim_extflash"
Translating to Intel format...
   "bim_extflash.out" .intvecs ==> .intvecs
   "bim_extflash.out" output_DRIVERS ==> output_DRIVERS
   "bim_extflash.out" .text ==> .text
   "bim_extflash.out" .const ==> .const
   "bim_extflash.out" .cinit ==> .cinit
   "bim_extflash.out" LoaderEntry ==> LoaderEntry
   "bim_extflash.out" output_APP ==> output_APP
   "bim_extflash.out" .ccfg ==> .ccfg
' '

**** Build Finished ****
