
**** Build of configuration FlashROM for project SimpleBLEPeripheral ****

"C:\\ti\\ccsv6\\utils\\bin\\gmake" -k all 
'Building file: C:/ti/simplelink/ble_cc26xx_2_01_00_44423/Projects/ble/SimpleBLEPeripheralObserver/CC26xx/Source/Application/simpleBLEPeripheral.c'
'Invoking: ARM Compiler'
"C:/ti/ccsv6/tools/compiler/ti-cgt-arm_16.6.0.STS/bin/armcl" --cmd_file="C:/ti/simplelink/ble_cc26xx_2_01_00_44423/Projects/ble/SimpleBLEPeripheralObserver/CC26xx/CCS/SimpleBLEPeripheral/../../IAR/Application/CC2640/../../../CCS/Config/ccsCompilerDefines.bcfg"  -mv7M3 --code_state=16 -me -O4 --opt_for_speed=0 --include_path="C:/ti/ccsv6/tools/compiler/ti-cgt-arm_16.6.0.STS/include" --include_path="F:/Documents/Thesis/sBLE_UART" --include_path="C:/ti/simplelink/ble_cc26xx_2_01_00_44423/Projects/ble/SimpleBLEPeripheralObserver/CC26xx/Source/Application" --include_path="C:/ti/simplelink/ble_cc26xx_2_01_00_44423/Projects/ble/include" --include_path="C:/ti/simplelink/ble_cc26xx_2_01_00_44423/Projects/ble/ICall/Include" --include_path="C:/ti/simplelink/ble_cc26xx_2_01_00_44423/Projects/ble/Profiles/Roles/CC26xx" --include_path="C:/ti/simplelink/ble_cc26xx_2_01_00_44423/Projects/ble/Profiles/Roles" --include_path="C:/ti/simplelink/ble_cc26xx_2_01_00_44423/Projects/ble/Profiles/DevInfo" --include_path="C:/ti/simplelink/ble_cc26xx_2_01_00_44423/Projects/ble/Profiles/SimpleProfile/CC26xx" --include_path="C:/ti/simplelink/ble_cc26xx_2_01_00_44423/Projects/ble/Profiles/SimpleProfile" --include_path="C:/ti/simplelink/ble_cc26xx_2_01_00_44423/Projects/ble/common/cc26xx" --include_path="C:/ti/simplelink/ble_cc26xx_2_01_00_44423/Components/applib/heap" --include_path="C:/ti/simplelink/ble_cc26xx_2_01_00_44423/Components/ble/hci" --include_path="C:/ti/simplelink/ble_cc26xx_2_01_00_44423/Components/ble/controller/CC26xx/include" --include_path="C:/ti/simplelink/ble_cc26xx_2_01_00_44423/Components/ble/host" --include_path="C:/ti/simplelink/ble_cc26xx_2_01_00_44423/Components/hal/target/CC2650TIRTOS" --include_path="C:/ti/simplelink/ble_cc26xx_2_01_00_44423/Components/hal/target/_common/cc26xx" --include_path="C:/ti/simplelink/ble_cc26xx_2_01_00_44423/Components/hal/include" --include_path="C:/ti/simplelink/ble_cc26xx_2_01_00_44423/Components/osal/include" --include_path="C:/ti/simplelink/ble_cc26xx_2_01_00_44423/Components/services/sdata" --include_path="C:/ti/simplelink/ble_cc26xx_2_01_00_44423/Components/services/saddr" --include_path="C:/ti/simplelink/ble_cc26xx_2_01_00_44423/Components/icall/include" --include_path="C:/ti/simplelink/ble_cc26xx_2_01_00_44423/Components/ble/include" --include_path="C:/ti/tirtos_simplelink_2_13_00_06/products/cc26xxware_2_21_01_15600" --include_path="C:/ti/tirtos_simplelink_2_13_00_06/packages/ti/boards/SRF06EB/CC2650EM_7ID" --define=USE_ICALL --define=POWER_SAVING --define=SBP_TASK_STACK_SIZE=700 --define=GAPROLE_TASK_STACK_SIZE=520 --define=HEAPMGR_SIZE=2672 --define=TI_DRIVERS_SPI_DMA_INCLUDED --define=TI_DRIVERS_LCD_INCLUDED --define=ICALL_MAX_NUM_TASKS=3 --define=ICALL_MAX_NUM_ENTITIES=6 --define=xdc_runtime_Assert_DISABLE_ALL --define=xdc_runtime_Log_DISABLE_ALL --define=MAX_NUM_BLE_CONNS=1 --define=CC26XXWARE --define=CC26XX --define=ccs --define=DEBUG -g --gcc --diag_suppress=48 --diag_warning=225 --diag_wrap=off --display_error_number --gen_func_subsections=on --abi=eabi --preproc_with_compile --preproc_dependency="Application/simpleBLEPeripheral.d" --obj_directory="Application" --cmd_file="configPkg/compiler.opt" "C:/ti/simplelink/ble_cc26xx_2_01_00_44423/Projects/ble/SimpleBLEPeripheralObserver/CC26xx/Source/Application/simpleBLEPeripheral.c"
"C:/ti/simplelink/ble_cc26xx_2_01_00_44423/Projects/ble/SimpleBLEPeripheralObserver/CC26xx/Source/Application/simpleBLEPeripheral.c", line 973: warning #69-D: integer conversion resulted in a change of sign
'Finished building: C:/ti/simplelink/ble_cc26xx_2_01_00_44423/Projects/ble/SimpleBLEPeripheralObserver/CC26xx/Source/Application/simpleBLEPeripheral.c'
' '
'Building target: SimpleBLEPeripheral.out'
'Invoking: ARM Linker'
"C:/ti/ccsv6/tools/compiler/ti-cgt-arm_16.6.0.STS/bin/armcl" --cmd_file="C:/ti/simplelink/ble_cc26xx_2_01_00_44423/Projects/ble/SimpleBLEPeripheralObserver/CC26xx/CCS/SimpleBLEPeripheral/../../IAR/Application/CC2640/../../../CCS/Config/ccsCompilerDefines.bcfg"  -mv7M3 --code_state=16 -me -O4 --opt_for_speed=0 --define=USE_ICALL --define=POWER_SAVING --define=SBP_TASK_STACK_SIZE=700 --define=GAPROLE_TASK_STACK_SIZE=520 --define=HEAPMGR_SIZE=2672 --define=TI_DRIVERS_SPI_DMA_INCLUDED --define=TI_DRIVERS_LCD_INCLUDED --define=ICALL_MAX_NUM_TASKS=3 --define=ICALL_MAX_NUM_ENTITIES=6 --define=xdc_runtime_Assert_DISABLE_ALL --define=xdc_runtime_Log_DISABLE_ALL --define=MAX_NUM_BLE_CONNS=1 --define=CC26XXWARE --define=CC26XX --define=ccs --define=DEBUG -g --gcc --diag_suppress=48 --diag_warning=225 --diag_wrap=off --display_error_number --gen_func_subsections=on --abi=eabi -z -m"SimpleBLEPeripheral.map" --heap_size=0 --stack_size=256 -i"C:/ti/ccsv6/tools/compiler/ti-cgt-arm_16.6.0.STS/lib" -i"C:/ti/ccsv6/tools/compiler/ti-cgt-arm_16.6.0.STS/include" --reread_libs --diag_suppress=10247-D --diag_wrap=off --display_error_number --warn_sections --xml_link_info="SimpleBLEPeripheral_linkInfo.xml" --rom_model --compress_dwarf=on --unused_section_elimination=on -o "SimpleBLEPeripheral.out" "C:/ti/simplelink/ble_cc26xx_2_01_00_44423/Projects/ble/SimpleBLEPeripheralObserver/CC26xx/CCS/Config/ccsLinkerDefines.cmd" "C:/ti/simplelink/ble_cc26xx_2_01_00_44423/Projects/ble/common/cc26xx/CCS/cc26xx_ble_app.cmd" "./Application/simpleBLEPeripheral.obj" "./Application/simple_UART.obj" "./Application/util.obj" "./Drivers/LCD/LCDDogm1286.obj" "./Drivers/LCD/LCDDogm1286_util.obj" "./Drivers/PIN/PINCC26XX.obj" "./Drivers/SPI/SPI.obj" "./Drivers/SPI/SPICC26XXDMA.obj" "./Drivers/UART/UART.obj" "./Drivers/UART/UARTCC26XX.obj" "./Drivers/UDMA/UDMACC26XX.obj" "./ICall/ICall.obj" "./ICall/ICallCC2650.obj" "./ICallBLE/ICallBleAPI.obj" "./ICallBLE/bleUserConfig.obj" "./PROFILES/devinfoservice.obj" "./PROFILES/gatt_uuid.obj" "./PROFILES/gattservapp_util.obj" "./PROFILES/peripheralObserver.obj" "./PROFILES/simpleGATTprofile.obj" "./Startup/Board.obj" "./Startup/ccfg_appBLE.obj" "./Startup/main.obj" -l"configPkg/linker.cmd" -llibc.a -l"C:/ti/tirtos_simplelink_2_13_00_06/products/cc26xxware_2_21_01_15600/driverlib/bin/ccs/driverlib.lib" 
<Linking>
'Finished building target: SimpleBLEPeripheral.out'
' '
"C:/ti/ccsv6/tools/compiler/ti-cgt-arm_16.6.0.STS/bin/armhex" -order MS --memwidth=8 --romwidth=8 --intel -o "SimpleBLEPeripheral.hex" "SimpleBLEPeripheral.out"
Translating to Intel format...
   "SimpleBLEPeripheral.out" .resetVecs ==> .resetVecs
   "SimpleBLEPeripheral.out" .text.1 ==> .text.1
   "SimpleBLEPeripheral.out" .const:ti_sysbios_knl_Task_Object__PARAMS__C ==> .const:ti_sysbios_knl_Task_Object__PARAMS__C
   "SimpleBLEPeripheral.out" .const:ti_sysbios_knl_Mailbox_Object__PARAMS__C ==> .const:ti_sysbios_knl_Mailbox_Object__PARAMS__C
   "SimpleBLEPeripheral.out" .const:ti_sysbios_family_arm_m3_Hwi_Object__PARAMS__C ==> .const:ti_sysbios_family_arm_m3_Hwi_Object__PARAMS__C
   "SimpleBLEPeripheral.out" .const:ti_sysbios_hal_Hwi_Object__PARAMS__C ==> .const:ti_sysbios_hal_Hwi_Object__PARAMS__C
   "SimpleBLEPeripheral.out" .const:ti_sysbios_heaps_HeapMem_Module__FXNS__C ==> .const:ti_sysbios_heaps_HeapMem_Module__FXNS__C
   "SimpleBLEPeripheral.out" .const:ti_sysbios_knl_Swi_Object__PARAMS__C ==> .const:ti_sysbios_knl_Swi_Object__PARAMS__C
   "SimpleBLEPeripheral.out" .const:ti_sysbios_gates_GateHwi_Module__FXNS__C ==> .const:ti_sysbios_gates_GateHwi_Module__FXNS__C
   "SimpleBLEPeripheral.out" .const:ti_sysbios_gates_GateMutex_Module__FXNS__C ==> .const:ti_sysbios_gates_GateMutex_Module__FXNS__C
   "SimpleBLEPeripheral.out" .const:ti_sysbios_heaps_HeapMem_Object__PARAMS__C ==> .const:ti_sysbios_heaps_HeapMem_Object__PARAMS__C
   "SimpleBLEPeripheral.out" .const:ti_sysbios_knl_Clock_Object__PARAMS__C ==> .const:ti_sysbios_knl_Clock_Object__PARAMS__C
   "SimpleBLEPeripheral.out" .const:ti_sysbios_knl_Semaphore_Object__PARAMS__C ==> .const:ti_sysbios_knl_Semaphore_Object__PARAMS__C
   "SimpleBLEPeripheral.out" .const:ti_sysbios_family_arm_m3_Hwi_Object__DESC__C ==> .const:ti_sysbios_family_arm_m3_Hwi_Object__DESC__C
   "SimpleBLEPeripheral.out" .const:ti_sysbios_gates_GateHwi_Object__DESC__C ==> .const:ti_sysbios_gates_GateHwi_Object__DESC__C
   "SimpleBLEPeripheral.out" .const:ti_sysbios_gates_GateMutex_Object__DESC__C ==> .const:ti_sysbios_gates_GateMutex_Object__DESC__C
   "SimpleBLEPeripheral.out" .const:ti_sysbios_hal_Hwi_Object__DESC__C ==> .const:ti_sysbios_hal_Hwi_Object__DESC__C
   "SimpleBLEPeripheral.out" .const:ti_sysbios_heaps_HeapMem_Object__DESC__C ==> .const:ti_sysbios_heaps_HeapMem_Object__DESC__C
   "SimpleBLEPeripheral.out" .const:ti_sysbios_knl_Clock_Object__DESC__C ==> .const:ti_sysbios_knl_Clock_Object__DESC__C
   "SimpleBLEPeripheral.out" .const:ti_sysbios_knl_Mailbox_Object__DESC__C ==> .const:ti_sysbios_knl_Mailbox_Object__DESC__C
   "SimpleBLEPeripheral.out" .const:ti_sysbios_knl_Queue_Object__DESC__C ==> .const:ti_sysbios_knl_Queue_Object__DESC__C
   "SimpleBLEPeripheral.out" .const:ti_sysbios_knl_Semaphore_Object__DESC__C ==> .const:ti_sysbios_knl_Semaphore_Object__DESC__C
   "SimpleBLEPeripheral.out" .const:ti_sysbios_knl_Swi_Object__DESC__C ==> .const:ti_sysbios_knl_Swi_Object__DESC__C
   "SimpleBLEPeripheral.out" .const:ti_sysbios_knl_Task_Object__DESC__C ==> .const:ti_sysbios_knl_Task_Object__DESC__C
   "SimpleBLEPeripheral.out" .const:ti_sysbios_gates_GateHwi_Object__PARAMS__C ==> .const:ti_sysbios_gates_GateHwi_Object__PARAMS__C
   "SimpleBLEPeripheral.out" .const:ti_sysbios_gates_GateMutex_Object__PARAMS__C ==> .const:ti_sysbios_gates_GateMutex_Object__PARAMS__C
   "SimpleBLEPeripheral.out" .const:ti_sysbios_knl_Queue_Object__PARAMS__C ==> .const:ti_sysbios_knl_Queue_Object__PARAMS__C
   "SimpleBLEPeripheral.out" .const:ti_sysbios_knl_Idle_funcList__C ==> .const:ti_sysbios_knl_Idle_funcList__C
   "SimpleBLEPeripheral.out" .text.2 ==> .text.2
   "SimpleBLEPeripheral.out" .const:ti_sysbios_family_arm_cc26xx_Timer_startupNeeded__C ==> .const:ti_sysbios_family_arm_cc26xx_Timer_startupNeeded__C
   "SimpleBLEPeripheral.out" .const:ti_sysbios_family_arm_m3_Hwi_E_alreadyDefined__C ==> .const:ti_sysbios_family_arm_m3_Hwi_E_alreadyDefined__C
   "SimpleBLEPeripheral.out" .const:ti_sysbios_family_arm_m3_Hwi_E_hwiLimitExceeded__C ==> .const:ti_sysbios_family_arm_m3_Hwi_E_hwiLimitExceeded__C
   "SimpleBLEPeripheral.out" .const:ti_sysbios_family_arm_m3_Hwi_NUM_INTERRUPTS__C ==> .const:ti_sysbios_family_arm_m3_Hwi_NUM_INTERRUPTS__C
   "SimpleBLEPeripheral.out" .const:ti_sysbios_family_arm_m3_Hwi_Object__count__C ==> .const:ti_sysbios_family_arm_m3_Hwi_Object__count__C
   "SimpleBLEPeripheral.out" .const:ti_sysbios_family_arm_m3_Hwi_Object__table__C ==> .const:ti_sysbios_family_arm_m3_Hwi_Object__table__C
   "SimpleBLEPeripheral.out" .const:ti_sysbios_family_arm_m3_Hwi_ccr__C ==> .const:ti_sysbios_family_arm_m3_Hwi_ccr__C
   "SimpleBLEPeripheral.out" .const:ti_sysbios_family_arm_m3_Hwi_excHandlerFunc__C ==> .const:ti_sysbios_family_arm_m3_Hwi_excHandlerFunc__C
   "SimpleBLEPeripheral.out" .const:ti_sysbios_family_arm_m3_Hwi_nullIsrFunc__C ==> .const:ti_sysbios_family_arm_m3_Hwi_nullIsrFunc__C
   "SimpleBLEPeripheral.out" .const:ti_sysbios_family_arm_m3_Hwi_numSparseInterrupts__C ==> .const:ti_sysbios_family_arm_m3_Hwi_numSparseInterrupts__C
   "SimpleBLEPeripheral.out" .const:ti_sysbios_family_arm_m3_Hwi_priGroup__C ==> .const:ti_sysbios_family_arm_m3_Hwi_priGroup__C
   "SimpleBLEPeripheral.out" .const:ti_sysbios_family_arm_m3_TaskSupport_stackAlignment__C ==> .const:ti_sysbios_family_arm_m3_TaskSupport_stackAlignment__C
   "SimpleBLEPeripheral.out" .const:ti_sysbios_heaps_HeapMem_E_memory__C ==> .const:ti_sysbios_heaps_HeapMem_E_memory__C
   "SimpleBLEPeripheral.out" .const:ti_sysbios_heaps_HeapMem_Module__gateObj__C ==> .const:ti_sysbios_heaps_HeapMem_Module__gateObj__C
   "SimpleBLEPeripheral.out" .const:ti_sysbios_heaps_HeapMem_Object__count__C ==> .const:ti_sysbios_heaps_HeapMem_Object__count__C
   "SimpleBLEPeripheral.out" .const:ti_sysbios_heaps_HeapMem_Object__table__C ==> .const:ti_sysbios_heaps_HeapMem_Object__table__C
   "SimpleBLEPeripheral.out" .const:ti_sysbios_heaps_HeapMem_reqAlign__C ==> .const:ti_sysbios_heaps_HeapMem_reqAlign__C
   "SimpleBLEPeripheral.out" .const:ti_sysbios_knl_Clock_serviceMargin__C ==> .const:ti_sysbios_knl_Clock_serviceMargin__C
   "SimpleBLEPeripheral.out" .const:ti_sysbios_knl_Mailbox_Object__count__C ==> .const:ti_sysbios_knl_Mailbox_Object__count__C
   "SimpleBLEPeripheral.out" .const:ti_sysbios_knl_Mailbox_Object__table__C ==> .const:ti_sysbios_knl_Mailbox_Object__table__C
   "SimpleBLEPeripheral.out" .const:ti_sysbios_knl_Queue_Object__count__C ==> .const:ti_sysbios_knl_Queue_Object__count__C
   "SimpleBLEPeripheral.out" .const:ti_sysbios_knl_Queue_Object__table__C ==> .const:ti_sysbios_knl_Queue_Object__table__C
   "SimpleBLEPeripheral.out" .const:ti_sysbios_knl_Swi_Object__count__C ==> .const:ti_sysbios_knl_Swi_Object__count__C
   "SimpleBLEPeripheral.out" .const:ti_sysbios_knl_Swi_Object__table__C ==> .const:ti_sysbios_knl_Swi_Object__table__C
   "SimpleBLEPeripheral.out" .const:ti_sysbios_knl_Swi_numPriorities__C ==> .const:ti_sysbios_knl_Swi_numPriorities__C
   "SimpleBLEPeripheral.out" .const:ti_sysbios_knl_Task_Object__count__C ==> .const:ti_sysbios_knl_Task_Object__count__C
   "SimpleBLEPeripheral.out" .const:ti_sysbios_knl_Task_Object__table__C ==> .const:ti_sysbios_knl_Task_Object__table__C
   "SimpleBLEPeripheral.out" .const:ti_sysbios_knl_Task_allBlockedFunc__C ==> .const:ti_sysbios_knl_Task_allBlockedFunc__C
   "SimpleBLEPeripheral.out" .const:ti_sysbios_knl_Task_defaultStackHeap__C ==> .const:ti_sysbios_knl_Task_defaultStackHeap__C
   "SimpleBLEPeripheral.out" .const:ti_sysbios_knl_Task_defaultStackSize__C ==> .const:ti_sysbios_knl_Task_defaultStackSize__C
   "SimpleBLEPeripheral.out" .const:ti_sysbios_knl_Task_numConstructedTasks__C ==> .const:ti_sysbios_knl_Task_numConstructedTasks__C
   "SimpleBLEPeripheral.out" .text.3 ==> .text.3
   "SimpleBLEPeripheral.out" .const:ti_sysbios_family_arm_cc26xx_Timer_Module__id__C ==> .const:ti_sysbios_family_arm_cc26xx_Timer_Module__id__C
   "SimpleBLEPeripheral.out" .const:ti_sysbios_family_arm_cc26xx_TimestampProvider_useClockTimer__C ==> .const:ti_sysbios_family_arm_cc26xx_TimestampProvider_useClockTimer__C
   "SimpleBLEPeripheral.out" .const:ti_sysbios_family_arm_m3_Hwi_Module__id__C ==> .const:ti_sysbios_family_arm_m3_Hwi_Module__id__C
   "SimpleBLEPeripheral.out" .const:ti_sysbios_gates_GateHwi_Module__id__C ==> .const:ti_sysbios_gates_GateHwi_Module__id__C
   "SimpleBLEPeripheral.out" .const:ti_sysbios_gates_GateMutex_Module__id__C ==> .const:ti_sysbios_gates_GateMutex_Module__id__C
   "SimpleBLEPeripheral.out" .const:ti_sysbios_heaps_HeapMem_Module__id__C ==> .const:ti_sysbios_heaps_HeapMem_Module__id__C
   "SimpleBLEPeripheral.out" .const:ti_sysbios_knl_Task_initStackFlag__C ==> .const:ti_sysbios_knl_Task_initStackFlag__C
   "SimpleBLEPeripheral.out" .const:ti_sysbios_knl_Clock_tickMode__C ==> .const:ti_sysbios_knl_Clock_tickMode__C
   "SimpleBLEPeripheral.out" .const:xdc_runtime_Startup_firstFxns__C ==> .const:xdc_runtime_Startup_firstFxns__C
   "SimpleBLEPeripheral.out" .const:xdc_runtime_Startup_lastFxns__C ==> .const:xdc_runtime_Startup_lastFxns__C
   "SimpleBLEPeripheral.out" .const:xdc_runtime_Assert_E_assertFailed__C ==> .const:xdc_runtime_Assert_E_assertFailed__C
   "SimpleBLEPeripheral.out" .const:xdc_runtime_Error_E_memory__C ==> .const:xdc_runtime_Error_E_memory__C
   "SimpleBLEPeripheral.out" .const:xdc_runtime_Error_policyFxn__C ==> .const:xdc_runtime_Error_policyFxn__C
   "SimpleBLEPeripheral.out" .const:xdc_runtime_IGateProvider_Interface__BASE__C ==> .const:xdc_runtime_IGateProvider_Interface__BASE__C
   "SimpleBLEPeripheral.out" .const:xdc_runtime_IHeap_Interface__BASE__C ==> .const:xdc_runtime_IHeap_Interface__BASE__C
   "SimpleBLEPeripheral.out" .const:xdc_runtime_IModule_Interface__BASE__C ==> .const:xdc_runtime_IModule_Interface__BASE__C
   "SimpleBLEPeripheral.out" .const:xdc_runtime_Main_Module__diagsEnabled__C ==> .const:xdc_runtime_Main_Module__diagsEnabled__C
   "SimpleBLEPeripheral.out" .const:xdc_runtime_Main_Module__diagsIncluded__C ==> .const:xdc_runtime_Main_Module__diagsIncluded__C
   "SimpleBLEPeripheral.out" .const:xdc_runtime_Main_Module__diagsMask__C ==> .const:xdc_runtime_Main_Module__diagsMask__C
   "SimpleBLEPeripheral.out" .const:xdc_runtime_Memory_defaultHeapInstance__C ==> .const:xdc_runtime_Memory_defaultHeapInstance__C
   "SimpleBLEPeripheral.out" .const:xdc_runtime_Startup_execImpl__C ==> .const:xdc_runtime_Startup_execImpl__C
   "SimpleBLEPeripheral.out" .const:xdc_runtime_Startup_maxPasses__C ==> .const:xdc_runtime_Startup_maxPasses__C
   "SimpleBLEPeripheral.out" .const:xdc_runtime_Startup_sfxnRts__C ==> .const:xdc_runtime_Startup_sfxnRts__C
   "SimpleBLEPeripheral.out" .const:xdc_runtime_Startup_sfxnTab__C ==> .const:xdc_runtime_Startup_sfxnTab__C
   "SimpleBLEPeripheral.out" .const:xdc_runtime_Startup_startModsFxn__C ==> .const:xdc_runtime_Startup_startModsFxn__C
   "SimpleBLEPeripheral.out" .const:xdc_runtime_SysCallback_abortFxn__C ==> .const:xdc_runtime_SysCallback_abortFxn__C
   "SimpleBLEPeripheral.out" .const:xdc_runtime_SysCallback_exitFxn__C ==> .const:xdc_runtime_SysCallback_exitFxn__C
   "SimpleBLEPeripheral.out" .const:xdc_runtime_System_abortFxn__C ==> .const:xdc_runtime_System_abortFxn__C
   "SimpleBLEPeripheral.out" .const:xdc_runtime_System_exitFxn__C ==> .const:xdc_runtime_System_exitFxn__C
   "SimpleBLEPeripheral.out" .const:xdc_runtime_System_maxAtexitHandlers__C ==> .const:xdc_runtime_System_maxAtexitHandlers__C
   "SimpleBLEPeripheral.out" .const:xdc_runtime_Text_charTab__C ==> .const:xdc_runtime_Text_charTab__C
   "SimpleBLEPeripheral.out" .const:xdc_runtime_Text_nameEmpty__C ==> .const:xdc_runtime_Text_nameEmpty__C
   "SimpleBLEPeripheral.out" .const:xdc_runtime_Text_nameStatic__C ==> .const:xdc_runtime_Text_nameStatic__C
   "SimpleBLEPeripheral.out" .const:xdc_runtime_Text_nameUnknown__C ==> .const:xdc_runtime_Text_nameUnknown__C
   "SimpleBLEPeripheral.out" .const:xdc_runtime_Main_Module__id__C ==> .const:xdc_runtime_Main_Module__id__C
   "SimpleBLEPeripheral.out" .const:xdc_runtime_Memory_Module__id__C ==> .const:xdc_runtime_Memory_Module__id__C
   "SimpleBLEPeripheral.out" .const:xdc_runtime_Text_charCnt__C ==> .const:xdc_runtime_Text_charCnt__C
   "SimpleBLEPeripheral.out" .const:xdc_runtime_Text_isLoaded__C ==> .const:xdc_runtime_Text_isLoaded__C
   "SimpleBLEPeripheral.out" .const:xdc_runtime_Error_policy__C ==> .const:xdc_runtime_Error_policy__C
   "SimpleBLEPeripheral.out" .const:ti_sysbios_rom_ROM_AONRTCChannelEnable ==> .const:ti_sysbios_rom_ROM_AONRTCChannelEnable
   "SimpleBLEPeripheral.out" .const:ti_sysbios_rom_ROM_AONRTCCompareValueSet ==> .const:ti_sysbios_rom_ROM_AONRTCCompareValueSet
   "SimpleBLEPeripheral.out" .const:ti_sysbios_rom_ROM_AONRTCCurrentCompareValueGet ==> .const:ti_sysbios_rom_ROM_AONRTCCurrentCompareValueGet
   "SimpleBLEPeripheral.out" .const:ti_sysbios_rom_ROM_AONRTCEventClear ==> .const:ti_sysbios_rom_ROM_AONRTCEventClear
   "SimpleBLEPeripheral.out" .const:ti_sysbios_rom_ROM_ti_sysbios_family_arm_cc26xx_Timer_getCount64__E ==> .const:ti_sysbios_rom_ROM_ti_sysbios_family_arm_cc26xx_Timer_getCount64__E
   "SimpleBLEPeripheral.out" .const:ti_sysbios_rom_ROM_ti_sysbios_family_arm_cc26xx_Timer_getCurrentTick__E ==> .const:ti_sysbios_rom_ROM_ti_sysbios_family_arm_cc26xx_Timer_getCurrentTick__E
   "SimpleBLEPeripheral.out" .const:ti_sysbios_rom_ROM_ti_sysbios_family_arm_cc26xx_Timer_getMaxTicks__E ==> .const:ti_sysbios_rom_ROM_ti_sysbios_family_arm_cc26xx_Timer_getMaxTicks__E
   "SimpleBLEPeripheral.out" .const:ti_sysbios_rom_ROM_ti_sysbios_family_arm_cc26xx_Timer_initDevice__I ==> .const:ti_sysbios_rom_ROM_ti_sysbios_family_arm_cc26xx_Timer_initDevice__I
   "SimpleBLEPeripheral.out" .const:ti_sysbios_rom_ROM_ti_sysbios_family_arm_cc26xx_Timer_setNextTick__E ==> .const:ti_sysbios_rom_ROM_ti_sysbios_family_arm_cc26xx_Timer_setNextTick__E
   "SimpleBLEPeripheral.out" .const:ti_sysbios_rom_ROM_ti_sysbios_family_arm_cc26xx_Timer_setThreshold__I ==> .const:ti_sysbios_rom_ROM_ti_sysbios_family_arm_cc26xx_Timer_setThreshold__I
   "SimpleBLEPeripheral.out" .const:ti_sysbios_rom_ROM_ti_sysbios_family_arm_cc26xx_Timer_start__E ==> .const:ti_sysbios_rom_ROM_ti_sysbios_family_arm_cc26xx_Timer_start__E
   "SimpleBLEPeripheral.out" .const:ti_sysbios_rom_ROM_ti_sysbios_family_arm_cc26xx_TimestampProvider_get32__E ==> .const:ti_sysbios_rom_ROM_ti_sysbios_family_arm_cc26xx_TimestampProvider_get32__E
   "SimpleBLEPeripheral.out" .const:ti_sysbios_rom_ROM_xdc_runtime_Startup_getState__I ==> .const:ti_sysbios_rom_ROM_xdc_runtime_Startup_getState__I
   "SimpleBLEPeripheral.out" .const:ti_sysbios_rom_ROM_xdc_runtime_System_SupportProxy_abort__E ==> .const:ti_sysbios_rom_ROM_xdc_runtime_System_SupportProxy_abort__E
   "SimpleBLEPeripheral.out" .const:ti_sysbios_rom_ROM_xdc_runtime_System_SupportProxy_exit__E ==> .const:ti_sysbios_rom_ROM_xdc_runtime_System_SupportProxy_exit__E
   "SimpleBLEPeripheral.out" .const:ti_sysbios_gates_GateMutex_Instance_State_sem__O ==> .const:ti_sysbios_gates_GateMutex_Instance_State_sem__O
   "SimpleBLEPeripheral.out" .const:ti_sysbios_knl_Clock_Module_State_clockQ__O ==> .const:ti_sysbios_knl_Clock_Module_State_clockQ__O
   "SimpleBLEPeripheral.out" .const:ti_sysbios_knl_Mailbox_Instance_State_dataQue__O ==> .const:ti_sysbios_knl_Mailbox_Instance_State_dataQue__O
   "SimpleBLEPeripheral.out" .const:ti_sysbios_knl_Mailbox_Instance_State_dataSem__O ==> .const:ti_sysbios_knl_Mailbox_Instance_State_dataSem__O
   "SimpleBLEPeripheral.out" .const:ti_sysbios_knl_Mailbox_Instance_State_freeQue__O ==> .const:ti_sysbios_knl_Mailbox_Instance_State_freeQue__O
   "SimpleBLEPeripheral.out" .const:ti_sysbios_knl_Mailbox_Instance_State_freeSem__O ==> .const:ti_sysbios_knl_Mailbox_Instance_State_freeSem__O
   "SimpleBLEPeripheral.out" .const:ti_sysbios_knl_Semaphore_Instance_State_pendQ__O ==> .const:ti_sysbios_knl_Semaphore_Instance_State_pendQ__O
   "SimpleBLEPeripheral.out" .const:ti_sysbios_knl_Task_Module_State_inactiveQ__O ==> .const:ti_sysbios_knl_Task_Module_State_inactiveQ__O
   "SimpleBLEPeripheral.out" .text.4 ==> .text.4
   "SimpleBLEPeripheral.out" .const ==> .const
   "SimpleBLEPeripheral.out" .cinit ==> .cinit
   "SimpleBLEPeripheral.out" .ccfg ==> .ccfg
' '

**** Build Finished ****
